<?xml version="1.0" encoding="UTF-8"?>
<testsuite xmlns:xsi="http://www.w3.org/2001/XMLSchema-instance" xsi:noNamespaceSchemaLocation="https://maven.apache.org/surefire/maven-surefire-plugin/xsd/surefire-test-report.xsd" name="com.parkit.parkingsystem.FareCalculatorServiceTest" time="0.907" tests="12" errors="0" skipped="0" failures="0">
  <properties>
    <property name="sun.desktop" value="gnome"/>
    <property name="awt.toolkit" value="sun.awt.X11.XToolkit"/>
    <property name="java.specification.version" value="11"/>
    <property name="sun.cpu.isalist" value=""/>
    <property name="sun.jnu.encoding" value="UTF-8"/>
    <property name="java.class.path" value="/media/heimdall/Stockage/0_DA_Java_OC/P4/work/target/test-classes:/media/heimdall/Stockage/0_DA_Java_OC/P4/work/target/classes:/home/heimdall/.m2/repository/org/apache/logging/log4j/log4j-api/2.12.1/log4j-api-2.12.1.jar:/home/heimdall/.m2/repository/org/apache/logging/log4j/log4j-core/2.12.1/log4j-core-2.12.1.jar:/home/heimdall/.m2/repository/mysql/mysql-connector-java/8.0.17/mysql-connector-java-8.0.17.jar:/home/heimdall/.m2/repository/com/google/protobuf/protobuf-java/3.6.1/protobuf-java-3.6.1.jar:/home/heimdall/.m2/repository/org/apache/maven/plugins/maven-site-plugin/3.9.1/maven-site-plugin-3.9.1.jar:/home/heimdall/.m2/repository/org/apache/maven/reporting/maven-reporting-api/3.0/maven-reporting-api-3.0.jar:/home/heimdall/.m2/repository/org/apache/maven/reporting/maven-reporting-exec/1.5.1/maven-reporting-exec-1.5.1.jar:/home/heimdall/.m2/repository/org/sonatype/aether/aether-util/1.7/aether-util-1.7.jar:/home/heimdall/.m2/repository/org/eclipse/aether/aether-util/0.9.0.M2/aether-util-0.9.0.M2.jar:/home/heimdall/.m2/repository/org/apache/maven/shared/maven-shared-utils/3.1.0/maven-shared-utils-3.1.0.jar:/home/heimdall/.m2/repository/org/apache/maven/maven-artifact/3.0.5/maven-artifact-3.0.5.jar:/home/heimdall/.m2/repository/org/apache/maven/maven-core/3.0.5/maven-core-3.0.5.jar:/home/heimdall/.m2/repository/org/apache/maven/maven-repository-metadata/3.0.5/maven-repository-metadata-3.0.5.jar:/home/heimdall/.m2/repository/org/apache/maven/maven-model-builder/3.0.5/maven-model-builder-3.0.5.jar:/home/heimdall/.m2/repository/org/apache/maven/maven-aether-provider/3.0.5/maven-aether-provider-3.0.5.jar:/home/heimdall/.m2/repository/org/sonatype/aether/aether-spi/1.13.1/aether-spi-1.13.1.jar:/home/heimdall/.m2/repository/org/sonatype/aether/aether-impl/1.13.1/aether-impl-1.13.1.jar:/home/heimdall/.m2/repository/org/sonatype/aether/aether-api/1.13.1/aether-api-1.13.1.jar:/home/heimdall/.m2/repository/org/codehaus/plexus/plexus-classworlds/2.4/plexus-classworlds-2.4.jar:/home/heimdall/.m2/repository/org/codehaus/plexus/plexus-component-annotations/1.5.5/plexus-component-annotations-1.5.5.jar:/home/heimdall/.m2/repository/org/sonatype/plexus/plexus-sec-dispatcher/1.3/plexus-sec-dispatcher-1.3.jar:/home/heimdall/.m2/repository/org/sonatype/plexus/plexus-cipher/1.4/plexus-cipher-1.4.jar:/home/heimdall/.m2/repository/org/apache/maven/maven-model/3.0.5/maven-model-3.0.5.jar:/home/heimdall/.m2/repository/org/apache/maven/maven-plugin-api/3.0.5/maven-plugin-api-3.0.5.jar:/home/heimdall/.m2/repository/org/apache/maven/maven-settings/3.0.5/maven-settings-3.0.5.jar:/home/heimdall/.m2/repository/org/apache/maven/maven-settings-builder/3.0.5/maven-settings-builder-3.0.5.jar:/home/heimdall/.m2/repository/org/apache/maven/maven-archiver/3.5.0/maven-archiver-3.5.0.jar:/home/heimdall/.m2/repository/org/sonatype/sisu/sisu-inject-plexus/1.4.2/sisu-inject-plexus-1.4.2.jar:/home/heimdall/.m2/repository/org/sonatype/sisu/sisu-inject-bean/1.4.2/sisu-inject-bean-1.4.2.jar:/home/heimdall/.m2/repository/org/sonatype/sisu/sisu-guice/2.1.7/sisu-guice-2.1.7-noaop.jar:/home/heimdall/.m2/repository/org/codehaus/plexus/plexus-archiver/4.2.1/plexus-archiver-4.2.1.jar:/home/heimdall/.m2/repository/org/apache/commons/commons-compress/1.19/commons-compress-1.19.jar:/home/heimdall/.m2/repository/org/iq80/snappy/snappy/0.4/snappy-0.4.jar:/home/heimdall/.m2/repository/org/tukaani/xz/1.8/xz-1.8.jar:/home/heimdall/.m2/repository/org/codehaus/plexus/plexus-i18n/1.0-beta-10/plexus-i18n-1.0-beta-10.jar:/home/heimdall/.m2/repository/org/codehaus/plexus/plexus-utils/3.3.0/plexus-utils-3.3.0.jar:/home/heimdall/.m2/repository/org/apache/maven/doxia/doxia-sink-api/1.9.1/doxia-sink-api-1.9.1.jar:/home/heimdall/.m2/repository/org/apache/maven/doxia/doxia-logging-api/1.9.1/doxia-logging-api-1.9.1.jar:/home/heimdall/.m2/repository/org/apache/maven/doxia/doxia-core/1.9.1/doxia-core-1.9.1.jar:/home/heimdall/.m2/repository/org/codehaus/plexus/plexus-container-default/1.7.1/plexus-container-default-1.7.1.jar:/home/heimdall/.m2/repository/org/apache/xbean/xbean-reflect/3.7/xbean-reflect-3.7.jar:/home/heimdall/.m2/repository/com/google/collections/google-collections/1.0/google-collections-1.0.jar:/home/heimdall/.m2/repository/org/apache/httpcomponents/httpclient/4.5.8/httpclient-4.5.8.jar:/home/heimdall/.m2/repository/commons-logging/commons-logging/1.2/commons-logging-1.2.jar:/home/heimdall/.m2/repository/org/apache/httpcomponents/httpcore/4.4.11/httpcore-4.4.11.jar:/home/heimdall/.m2/repository/org/apache/maven/doxia/doxia-module-xhtml/1.9.1/doxia-module-xhtml-1.9.1.jar:/home/heimdall/.m2/repository/org/apache/maven/doxia/doxia-module-xhtml5/1.9.1/doxia-module-xhtml5-1.9.1.jar:/home/heimdall/.m2/repository/org/apache/maven/doxia/doxia-module-apt/1.9.1/doxia-module-apt-1.9.1.jar:/home/heimdall/.m2/repository/org/apache/maven/doxia/doxia-module-xdoc/1.9.1/doxia-module-xdoc-1.9.1.jar:/home/heimdall/.m2/repository/org/apache/maven/doxia/doxia-module-fml/1.9.1/doxia-module-fml-1.9.1.jar:/home/heimdall/.m2/repository/org/apache/maven/doxia/doxia-module-markdown/1.9.1/doxia-module-markdown-1.9.1.jar:/home/heimdall/.m2/repository/com/vladsch/flexmark/flexmark-all/0.42.14/flexmark-all-0.42.14.jar:/home/heimdall/.m2/repository/com/vladsch/flexmark/flexmark/0.42.14/flexmark-0.42.14.jar:/home/heimdall/.m2/repository/com/vladsch/flexmark/flexmark-ext-abbreviation/0.42.14/flexmark-ext-abbreviation-0.42.14.jar:/home/heimdall/.m2/repository/com/vladsch/flexmark/flexmark-ext-admonition/0.42.14/flexmark-ext-admonition-0.42.14.jar:/home/heimdall/.m2/repository/com/vladsch/flexmark/flexmark-ext-anchorlink/0.42.14/flexmark-ext-anchorlink-0.42.14.jar:/home/heimdall/.m2/repository/com/vladsch/flexmark/flexmark-ext-aside/0.42.14/flexmark-ext-aside-0.42.14.jar:/home/heimdall/.m2/repository/com/vladsch/flexmark/flexmark-ext-attributes/0.42.14/flexmark-ext-attributes-0.42.14.jar:/home/heimdall/.m2/repository/com/vladsch/flexmark/flexmark-ext-autolink/0.42.14/flexmark-ext-autolink-0.42.14.jar:/home/heimdall/.m2/repository/org/nibor/autolink/autolink/0.6.0/autolink-0.6.0.jar:/home/heimdall/.m2/repository/com/vladsch/flexmark/flexmark-ext-definition/0.42.14/flexmark-ext-definition-0.42.14.jar:/home/heimdall/.m2/repository/com/vladsch/flexmark/flexmark-ext-emoji/0.42.14/flexmark-ext-emoji-0.42.14.jar:/home/heimdall/.m2/repository/com/vladsch/flexmark/flexmark-ext-enumerated-reference/0.42.14/flexmark-ext-enumerated-reference-0.42.14.jar:/home/heimdall/.m2/repository/com/vladsch/flexmark/flexmark-ext-escaped-character/0.42.14/flexmark-ext-escaped-character-0.42.14.jar:/home/heimdall/.m2/repository/com/vladsch/flexmark/flexmark-ext-footnotes/0.42.14/flexmark-ext-footnotes-0.42.14.jar:/home/heimdall/.m2/repository/com/vladsch/flexmark/flexmark-ext-gfm-issues/0.42.14/flexmark-ext-gfm-issues-0.42.14.jar:/home/heimdall/.m2/repository/com/vladsch/flexmark/flexmark-ext-gfm-strikethrough/0.42.14/flexmark-ext-gfm-strikethrough-0.42.14.jar:/home/heimdall/.m2/repository/com/vladsch/flexmark/flexmark-ext-gfm-tables/0.42.14/flexmark-ext-gfm-tables-0.42.14.jar:/home/heimdall/.m2/repository/com/vladsch/flexmark/flexmark-ext-gfm-tasklist/0.42.14/flexmark-ext-gfm-tasklist-0.42.14.jar:/home/heimdall/.m2/repository/com/vladsch/flexmark/flexmark-ext-gfm-users/0.42.14/flexmark-ext-gfm-users-0.42.14.jar:/home/heimdall/.m2/repository/com/vladsch/flexmark/flexmark-ext-gitlab/0.42.14/flexmark-ext-gitlab-0.42.14.jar:/home/heimdall/.m2/repository/com/vladsch/flexmark/flexmark-ext-jekyll-front-matter/0.42.14/flexmark-ext-jekyll-front-matter-0.42.14.jar:/home/heimdall/.m2/repository/com/vladsch/flexmark/flexmark-ext-jekyll-tag/0.42.14/flexmark-ext-jekyll-tag-0.42.14.jar:/home/heimdall/.m2/repository/com/vladsch/flexmark/flexmark-ext-media-tags/0.42.14/flexmark-ext-media-tags-0.42.14.jar:/home/heimdall/.m2/repository/com/vladsch/flexmark/flexmark-ext-macros/0.42.14/flexmark-ext-macros-0.42.14.jar:/home/heimdall/.m2/repository/com/vladsch/flexmark/flexmark-ext-ins/0.42.14/flexmark-ext-ins-0.42.14.jar:/home/heimdall/.m2/repository/com/vladsch/flexmark/flexmark-ext-xwiki-macros/0.42.14/flexmark-ext-xwiki-macros-0.42.14.jar:/home/heimdall/.m2/repository/com/vladsch/flexmark/flexmark-ext-superscript/0.42.14/flexmark-ext-superscript-0.42.14.jar:/home/heimdall/.m2/repository/com/vladsch/flexmark/flexmark-ext-tables/0.42.14/flexmark-ext-tables-0.42.14.jar:/home/heimdall/.m2/repository/com/vladsch/flexmark/flexmark-ext-toc/0.42.14/flexmark-ext-toc-0.42.14.jar:/home/heimdall/.m2/repository/com/vladsch/flexmark/flexmark-ext-typographic/0.42.14/flexmark-ext-typographic-0.42.14.jar:/home/heimdall/.m2/repository/com/vladsch/flexmark/flexmark-ext-wikilink/0.42.14/flexmark-ext-wikilink-0.42.14.jar:/home/heimdall/.m2/repository/com/vladsch/flexmark/flexmark-ext-yaml-front-matter/0.42.14/flexmark-ext-yaml-front-matter-0.42.14.jar:/home/heimdall/.m2/repository/com/vladsch/flexmark/flexmark-ext-youtube-embedded/0.42.14/flexmark-ext-youtube-embedded-0.42.14.jar:/home/heimdall/.m2/repository/com/vladsch/flexmark/flexmark-formatter/0.42.14/flexmark-formatter-0.42.14.jar:/home/heimdall/.m2/repository/com/vladsch/flexmark/flexmark-html-parser/0.42.14/flexmark-html-parser-0.42.14.jar:/home/heimdall/.m2/repository/org/jsoup/jsoup/1.10.2/jsoup-1.10.2.jar:/home/heimdall/.m2/repository/com/vladsch/flexmark/flexmark-jira-converter/0.42.14/flexmark-jira-converter-0.42.14.jar:/home/heimdall/.m2/repository/com/vladsch/flexmark/flexmark-profile-pegdown/0.42.14/flexmark-profile-pegdown-0.42.14.jar:/home/heimdall/.m2/repository/com/vladsch/flexmark/flexmark-util/0.42.14/flexmark-util-0.42.14.jar:/home/heimdall/.m2/repository/com/vladsch/flexmark/flexmark-youtrack-converter/0.42.14/flexmark-youtrack-converter-0.42.14.jar:/home/heimdall/.m2/repository/org/apache/maven/doxia/doxia-module-confluence/1.9.1/doxia-module-confluence-1.9.1.jar:/home/heimdall/.m2/repository/org/apache/maven/doxia/doxia-module-docbook-simple/1.9.1/doxia-module-docbook-simple-1.9.1.jar:/home/heimdall/.m2/repository/org/apache/maven/doxia/doxia-module-twiki/1.9.1/doxia-module-twiki-1.9.1.jar:/home/heimdall/.m2/repository/org/apache/maven/doxia/doxia-decoration-model/1.9.2/doxia-decoration-model-1.9.2.jar:/home/heimdall/.m2/repository/org/apache/maven/doxia/doxia-site-renderer/1.9.2/doxia-site-renderer-1.9.2.jar:/home/heimdall/.m2/repository/org/apache/maven/doxia/doxia-skin-model/1.9.2/doxia-skin-model-1.9.2.jar:/home/heimdall/.m2/repository/org/codehaus/plexus/plexus-velocity/1.2/plexus-velocity-1.2.jar:/home/heimdall/.m2/repository/org/apache/velocity/velocity/1.7/velocity-1.7.jar:/home/heimdall/.m2/repository/commons-lang/commons-lang/2.4/commons-lang-2.4.jar:/home/heimdall/.m2/repository/org/apache/velocity/velocity-tools/2.0/velocity-tools-2.0.jar:/home/heimdall/.m2/repository/commons-beanutils/commons-beanutils/1.7.0/commons-beanutils-1.7.0.jar:/home/heimdall/.m2/repository/commons-digester/commons-digester/1.8/commons-digester-1.8.jar:/home/heimdall/.m2/repository/commons-chain/commons-chain/1.1/commons-chain-1.1.jar:/home/heimdall/.m2/repository/dom4j/dom4j/1.1/dom4j-1.1.jar:/home/heimdall/.m2/repository/oro/oro/2.0.8/oro-2.0.8.jar:/home/heimdall/.m2/repository/commons-collections/commons-collections/3.2.2/commons-collections-3.2.2.jar:/home/heimdall/.m2/repository/org/apache/maven/doxia/doxia-integration-tools/1.9.2/doxia-integration-tools-1.9.2.jar:/home/heimdall/.m2/repository/org/apache/maven/wagon/wagon-provider-api/3.3.1/wagon-provider-api-3.3.1.jar:/home/heimdall/.m2/repository/org/eclipse/jetty/jetty-server/9.2.29.v20191105/jetty-server-9.2.29.v20191105.jar:/home/heimdall/.m2/repository/javax/servlet/javax.servlet-api/3.1.0/javax.servlet-api-3.1.0.jar:/home/heimdall/.m2/repository/org/eclipse/jetty/jetty-http/9.2.29.v20191105/jetty-http-9.2.29.v20191105.jar:/home/heimdall/.m2/repository/org/eclipse/jetty/jetty-io/9.2.29.v20191105/jetty-io-9.2.29.v20191105.jar:/home/heimdall/.m2/repository/org/eclipse/jetty/jetty-servlet/9.2.29.v20191105/jetty-servlet-9.2.29.v20191105.jar:/home/heimdall/.m2/repository/org/eclipse/jetty/jetty-security/9.2.29.v20191105/jetty-security-9.2.29.v20191105.jar:/home/heimdall/.m2/repository/org/eclipse/jetty/jetty-webapp/9.2.29.v20191105/jetty-webapp-9.2.29.v20191105.jar:/home/heimdall/.m2/repository/org/eclipse/jetty/jetty-xml/9.2.29.v20191105/jetty-xml-9.2.29.v20191105.jar:/home/heimdall/.m2/repository/org/eclipse/jetty/jetty-util/9.2.29.v20191105/jetty-util-9.2.29.v20191105.jar:/home/heimdall/.m2/repository/org/apache/commons/commons-lang3/3.8.1/commons-lang3-3.8.1.jar:/home/heimdall/.m2/repository/commons-io/commons-io/2.6/commons-io-2.6.jar:/home/heimdall/.m2/repository/org/junit/jupiter/junit-jupiter-api/5.3.2/junit-jupiter-api-5.3.2.jar:/home/heimdall/.m2/repository/org/apiguardian/apiguardian-api/1.0.0/apiguardian-api-1.0.0.jar:/home/heimdall/.m2/repository/org/opentest4j/opentest4j/1.1.1/opentest4j-1.1.1.jar:/home/heimdall/.m2/repository/org/junit/platform/junit-platform-commons/1.3.2/junit-platform-commons-1.3.2.jar:/home/heimdall/.m2/repository/org/junit/jupiter/junit-jupiter-engine/5.3.2/junit-jupiter-engine-5.3.2.jar:/home/heimdall/.m2/repository/org/junit/platform/junit-platform-engine/1.3.2/junit-platform-engine-1.3.2.jar:/home/heimdall/.m2/repository/org/mockito/mockito-junit-jupiter/2.23.4/mockito-junit-jupiter-2.23.4.jar:/home/heimdall/.m2/repository/org/mockito/mockito-core/2.23.4/mockito-core-2.23.4.jar:/home/heimdall/.m2/repository/net/bytebuddy/byte-buddy/1.9.3/byte-buddy-1.9.3.jar:/home/heimdall/.m2/repository/net/bytebuddy/byte-buddy-agent/1.9.3/byte-buddy-agent-1.9.3.jar:/home/heimdall/.m2/repository/org/objenesis/objenesis/2.6/objenesis-2.6.jar:/home/heimdall/.m2/repository/org/jacoco/jacoco-maven-plugin/0.8.5/jacoco-maven-plugin-0.8.5.jar:/home/heimdall/.m2/repository/org/apache/maven/shared/file-management/1.2.1/file-management-1.2.1.jar:/home/heimdall/.m2/repository/org/apache/maven/reporting/maven-reporting-impl/2.1/maven-reporting-impl-2.1.jar:/home/heimdall/.m2/repository/org/apache/maven/maven-project/2.0.10/maven-project-2.0.10.jar:/home/heimdall/.m2/repository/org/apache/maven/maven-profile/2.0.10/maven-profile-2.0.10.jar:/home/heimdall/.m2/repository/org/apache/maven/maven-artifact-manager/2.0.10/maven-artifact-manager-2.0.10.jar:/home/heimdall/.m2/repository/org/apache/maven/maven-plugin-registry/2.0.10/maven-plugin-registry-2.0.10.jar:/home/heimdall/.m2/repository/commons-validator/commons-validator/1.2.0/commons-validator-1.2.0.jar:/home/heimdall/.m2/repository/xml-apis/xml-apis/1.0.b2/xml-apis-1.0.b2.jar:/home/heimdall/.m2/repository/org/jacoco/org.jacoco.agent/0.8.5/org.jacoco.agent-0.8.5-runtime.jar:/home/heimdall/.m2/repository/org/jacoco/org.jacoco.core/0.8.5/org.jacoco.core-0.8.5.jar:/home/heimdall/.m2/repository/org/jacoco/org.jacoco.report/0.8.5/org.jacoco.report-0.8.5.jar:/home/heimdall/.m2/repository/org/apache/maven/plugins/maven-assembly-plugin/3.0.0/maven-assembly-plugin-3.0.0.jar:/home/heimdall/.m2/repository/org/apache/maven/shared/maven-common-artifact-filters/3.0.1/maven-common-artifact-filters-3.0.1.jar:/home/heimdall/.m2/repository/org/apache/maven/shared/maven-artifact-transfer/0.9.0/maven-artifact-transfer-0.9.0.jar:/home/heimdall/.m2/repository/org/codehaus/plexus/plexus-interpolation/1.24/plexus-interpolation-1.24.jar:/home/heimdall/.m2/repository/org/apache/maven/shared/maven-shared-io/3.0.0/maven-shared-io-3.0.0.jar:/home/heimdall/.m2/repository/org/apache/maven/maven-compat/3.0/maven-compat-3.0.jar:/home/heimdall/.m2/repository/org/apache/maven/shared/maven-filtering/3.1.1/maven-filtering-3.1.1.jar:/home/heimdall/.m2/repository/org/sonatype/plexus/plexus-build-api/0.0.7/plexus-build-api-0.0.7.jar:/home/heimdall/.m2/repository/org/codehaus/plexus/plexus-io/2.7.1/plexus-io-2.7.1.jar:/home/heimdall/.m2/repository/commons-codec/commons-codec/1.6/commons-codec-1.6.jar:/home/heimdall/.m2/repository/org/assertj/assertj-core/3.17.2/assertj-core-3.17.2.jar:/home/heimdall/.m2/repository/org/ow2/asm/asm/8.0.1/asm-8.0.1.jar:/home/heimdall/.m2/repository/org/ow2/asm/asm-analysis/8.0.1/asm-analysis-8.0.1.jar:/home/heimdall/.m2/repository/org/ow2/asm/asm-commons/8.0.1/asm-commons-8.0.1.jar:/home/heimdall/.m2/repository/org/ow2/asm/asm-tree/8.0.1/asm-tree-8.0.1.jar:/home/heimdall/.m2/repository/org/ow2/asm/asm-util/8.0.1/asm-util-8.0.1.jar:/home/heimdall/.m2/repository/org/apache/bcel/bcel/6.5.0/bcel-6.5.0.jar:/home/heimdall/.m2/repository/net/jcip/jcip-annotations/1.0/jcip-annotations-1.0.jar:/home/heimdall/.m2/repository/org/dom4j/dom4j/2.1.3/dom4j-2.1.3.jar:/home/heimdall/.m2/repository/org/apache/commons/commons-text/1.9/commons-text-1.9.jar:/home/heimdall/.m2/repository/org/slf4j/slf4j-api/1.8.0-beta4/slf4j-api-1.8.0-beta4.jar:/home/heimdall/.m2/repository/com/github/spotbugs/spotbugs-annotations/4.1.3/spotbugs-annotations-4.1.3.jar:/home/heimdall/.m2/repository/com/google/code/findbugs/jsr305/3.0.2/jsr305-3.0.2.jar:/home/heimdall/.m2/repository/org/json/json/20200518/json-20200518.jar:/home/heimdall/.m2/repository/jaxen/jaxen/1.1.6/jaxen-1.1.6.jar:/home/heimdall/.m2/repository/net/sf/saxon/Saxon-HE/10.1/Saxon-HE-10.1.jar:"/>
    <property name="java.vm.vendor" value="Ubuntu"/>
    <property name="sun.arch.data.model" value="64"/>
    <property name="java.vendor.url" value="https://ubuntu.com/"/>
    <property name="user.timezone" value=""/>
    <property name="java.vm.specification.version" value="11"/>
    <property name="os.name" value="Linux"/>
    <property name="sun.java.launcher" value="SUN_STANDARD"/>
    <property name="user.country" value="FR"/>
    <property name="sun.boot.library.path" value="/usr/lib/jvm/java-11-openjdk-amd64/lib"/>
    <property name="sun.java.command" value="/media/heimdall/Stockage/0_DA_Java_OC/P4/work/target/surefire/surefirebooter11750066590874294901.jar /media/heimdall/Stockage/0_DA_Java_OC/P4/work/target/surefire 2020-10-19T21-17-49_079-jvmRun1 surefire4217840234426076119tmp surefire_011192031191162549072tmp"/>
    <property name="jdk.debug" value="release"/>
    <property name="surefire.test.class.path" value="/media/heimdall/Stockage/0_DA_Java_OC/P4/work/target/test-classes:/media/heimdall/Stockage/0_DA_Java_OC/P4/work/target/classes:/home/heimdall/.m2/repository/org/apache/logging/log4j/log4j-api/2.12.1/log4j-api-2.12.1.jar:/home/heimdall/.m2/repository/org/apache/logging/log4j/log4j-core/2.12.1/log4j-core-2.12.1.jar:/home/heimdall/.m2/repository/mysql/mysql-connector-java/8.0.17/mysql-connector-java-8.0.17.jar:/home/heimdall/.m2/repository/com/google/protobuf/protobuf-java/3.6.1/protobuf-java-3.6.1.jar:/home/heimdall/.m2/repository/org/apache/maven/plugins/maven-site-plugin/3.9.1/maven-site-plugin-3.9.1.jar:/home/heimdall/.m2/repository/org/apache/maven/reporting/maven-reporting-api/3.0/maven-reporting-api-3.0.jar:/home/heimdall/.m2/repository/org/apache/maven/reporting/maven-reporting-exec/1.5.1/maven-reporting-exec-1.5.1.jar:/home/heimdall/.m2/repository/org/sonatype/aether/aether-util/1.7/aether-util-1.7.jar:/home/heimdall/.m2/repository/org/eclipse/aether/aether-util/0.9.0.M2/aether-util-0.9.0.M2.jar:/home/heimdall/.m2/repository/org/apache/maven/shared/maven-shared-utils/3.1.0/maven-shared-utils-3.1.0.jar:/home/heimdall/.m2/repository/org/apache/maven/maven-artifact/3.0.5/maven-artifact-3.0.5.jar:/home/heimdall/.m2/repository/org/apache/maven/maven-core/3.0.5/maven-core-3.0.5.jar:/home/heimdall/.m2/repository/org/apache/maven/maven-repository-metadata/3.0.5/maven-repository-metadata-3.0.5.jar:/home/heimdall/.m2/repository/org/apache/maven/maven-model-builder/3.0.5/maven-model-builder-3.0.5.jar:/home/heimdall/.m2/repository/org/apache/maven/maven-aether-provider/3.0.5/maven-aether-provider-3.0.5.jar:/home/heimdall/.m2/repository/org/sonatype/aether/aether-spi/1.13.1/aether-spi-1.13.1.jar:/home/heimdall/.m2/repository/org/sonatype/aether/aether-impl/1.13.1/aether-impl-1.13.1.jar:/home/heimdall/.m2/repository/org/sonatype/aether/aether-api/1.13.1/aether-api-1.13.1.jar:/home/heimdall/.m2/repository/org/codehaus/plexus/plexus-classworlds/2.4/plexus-classworlds-2.4.jar:/home/heimdall/.m2/repository/org/codehaus/plexus/plexus-component-annotations/1.5.5/plexus-component-annotations-1.5.5.jar:/home/heimdall/.m2/repository/org/sonatype/plexus/plexus-sec-dispatcher/1.3/plexus-sec-dispatcher-1.3.jar:/home/heimdall/.m2/repository/org/sonatype/plexus/plexus-cipher/1.4/plexus-cipher-1.4.jar:/home/heimdall/.m2/repository/org/apache/maven/maven-model/3.0.5/maven-model-3.0.5.jar:/home/heimdall/.m2/repository/org/apache/maven/maven-plugin-api/3.0.5/maven-plugin-api-3.0.5.jar:/home/heimdall/.m2/repository/org/apache/maven/maven-settings/3.0.5/maven-settings-3.0.5.jar:/home/heimdall/.m2/repository/org/apache/maven/maven-settings-builder/3.0.5/maven-settings-builder-3.0.5.jar:/home/heimdall/.m2/repository/org/apache/maven/maven-archiver/3.5.0/maven-archiver-3.5.0.jar:/home/heimdall/.m2/repository/org/sonatype/sisu/sisu-inject-plexus/1.4.2/sisu-inject-plexus-1.4.2.jar:/home/heimdall/.m2/repository/org/sonatype/sisu/sisu-inject-bean/1.4.2/sisu-inject-bean-1.4.2.jar:/home/heimdall/.m2/repository/org/sonatype/sisu/sisu-guice/2.1.7/sisu-guice-2.1.7-noaop.jar:/home/heimdall/.m2/repository/org/codehaus/plexus/plexus-archiver/4.2.1/plexus-archiver-4.2.1.jar:/home/heimdall/.m2/repository/org/apache/commons/commons-compress/1.19/commons-compress-1.19.jar:/home/heimdall/.m2/repository/org/iq80/snappy/snappy/0.4/snappy-0.4.jar:/home/heimdall/.m2/repository/org/tukaani/xz/1.8/xz-1.8.jar:/home/heimdall/.m2/repository/org/codehaus/plexus/plexus-i18n/1.0-beta-10/plexus-i18n-1.0-beta-10.jar:/home/heimdall/.m2/repository/org/codehaus/plexus/plexus-utils/3.3.0/plexus-utils-3.3.0.jar:/home/heimdall/.m2/repository/org/apache/maven/doxia/doxia-sink-api/1.9.1/doxia-sink-api-1.9.1.jar:/home/heimdall/.m2/repository/org/apache/maven/doxia/doxia-logging-api/1.9.1/doxia-logging-api-1.9.1.jar:/home/heimdall/.m2/repository/org/apache/maven/doxia/doxia-core/1.9.1/doxia-core-1.9.1.jar:/home/heimdall/.m2/repository/org/codehaus/plexus/plexus-container-default/1.7.1/plexus-container-default-1.7.1.jar:/home/heimdall/.m2/repository/org/apache/xbean/xbean-reflect/3.7/xbean-reflect-3.7.jar:/home/heimdall/.m2/repository/com/google/collections/google-collections/1.0/google-collections-1.0.jar:/home/heimdall/.m2/repository/org/apache/httpcomponents/httpclient/4.5.8/httpclient-4.5.8.jar:/home/heimdall/.m2/repository/commons-logging/commons-logging/1.2/commons-logging-1.2.jar:/home/heimdall/.m2/repository/org/apache/httpcomponents/httpcore/4.4.11/httpcore-4.4.11.jar:/home/heimdall/.m2/repository/org/apache/maven/doxia/doxia-module-xhtml/1.9.1/doxia-module-xhtml-1.9.1.jar:/home/heimdall/.m2/repository/org/apache/maven/doxia/doxia-module-xhtml5/1.9.1/doxia-module-xhtml5-1.9.1.jar:/home/heimdall/.m2/repository/org/apache/maven/doxia/doxia-module-apt/1.9.1/doxia-module-apt-1.9.1.jar:/home/heimdall/.m2/repository/org/apache/maven/doxia/doxia-module-xdoc/1.9.1/doxia-module-xdoc-1.9.1.jar:/home/heimdall/.m2/repository/org/apache/maven/doxia/doxia-module-fml/1.9.1/doxia-module-fml-1.9.1.jar:/home/heimdall/.m2/repository/org/apache/maven/doxia/doxia-module-markdown/1.9.1/doxia-module-markdown-1.9.1.jar:/home/heimdall/.m2/repository/com/vladsch/flexmark/flexmark-all/0.42.14/flexmark-all-0.42.14.jar:/home/heimdall/.m2/repository/com/vladsch/flexmark/flexmark/0.42.14/flexmark-0.42.14.jar:/home/heimdall/.m2/repository/com/vladsch/flexmark/flexmark-ext-abbreviation/0.42.14/flexmark-ext-abbreviation-0.42.14.jar:/home/heimdall/.m2/repository/com/vladsch/flexmark/flexmark-ext-admonition/0.42.14/flexmark-ext-admonition-0.42.14.jar:/home/heimdall/.m2/repository/com/vladsch/flexmark/flexmark-ext-anchorlink/0.42.14/flexmark-ext-anchorlink-0.42.14.jar:/home/heimdall/.m2/repository/com/vladsch/flexmark/flexmark-ext-aside/0.42.14/flexmark-ext-aside-0.42.14.jar:/home/heimdall/.m2/repository/com/vladsch/flexmark/flexmark-ext-attributes/0.42.14/flexmark-ext-attributes-0.42.14.jar:/home/heimdall/.m2/repository/com/vladsch/flexmark/flexmark-ext-autolink/0.42.14/flexmark-ext-autolink-0.42.14.jar:/home/heimdall/.m2/repository/org/nibor/autolink/autolink/0.6.0/autolink-0.6.0.jar:/home/heimdall/.m2/repository/com/vladsch/flexmark/flexmark-ext-definition/0.42.14/flexmark-ext-definition-0.42.14.jar:/home/heimdall/.m2/repository/com/vladsch/flexmark/flexmark-ext-emoji/0.42.14/flexmark-ext-emoji-0.42.14.jar:/home/heimdall/.m2/repository/com/vladsch/flexmark/flexmark-ext-enumerated-reference/0.42.14/flexmark-ext-enumerated-reference-0.42.14.jar:/home/heimdall/.m2/repository/com/vladsch/flexmark/flexmark-ext-escaped-character/0.42.14/flexmark-ext-escaped-character-0.42.14.jar:/home/heimdall/.m2/repository/com/vladsch/flexmark/flexmark-ext-footnotes/0.42.14/flexmark-ext-footnotes-0.42.14.jar:/home/heimdall/.m2/repository/com/vladsch/flexmark/flexmark-ext-gfm-issues/0.42.14/flexmark-ext-gfm-issues-0.42.14.jar:/home/heimdall/.m2/repository/com/vladsch/flexmark/flexmark-ext-gfm-strikethrough/0.42.14/flexmark-ext-gfm-strikethrough-0.42.14.jar:/home/heimdall/.m2/repository/com/vladsch/flexmark/flexmark-ext-gfm-tables/0.42.14/flexmark-ext-gfm-tables-0.42.14.jar:/home/heimdall/.m2/repository/com/vladsch/flexmark/flexmark-ext-gfm-tasklist/0.42.14/flexmark-ext-gfm-tasklist-0.42.14.jar:/home/heimdall/.m2/repository/com/vladsch/flexmark/flexmark-ext-gfm-users/0.42.14/flexmark-ext-gfm-users-0.42.14.jar:/home/heimdall/.m2/repository/com/vladsch/flexmark/flexmark-ext-gitlab/0.42.14/flexmark-ext-gitlab-0.42.14.jar:/home/heimdall/.m2/repository/com/vladsch/flexmark/flexmark-ext-jekyll-front-matter/0.42.14/flexmark-ext-jekyll-front-matter-0.42.14.jar:/home/heimdall/.m2/repository/com/vladsch/flexmark/flexmark-ext-jekyll-tag/0.42.14/flexmark-ext-jekyll-tag-0.42.14.jar:/home/heimdall/.m2/repository/com/vladsch/flexmark/flexmark-ext-media-tags/0.42.14/flexmark-ext-media-tags-0.42.14.jar:/home/heimdall/.m2/repository/com/vladsch/flexmark/flexmark-ext-macros/0.42.14/flexmark-ext-macros-0.42.14.jar:/home/heimdall/.m2/repository/com/vladsch/flexmark/flexmark-ext-ins/0.42.14/flexmark-ext-ins-0.42.14.jar:/home/heimdall/.m2/repository/com/vladsch/flexmark/flexmark-ext-xwiki-macros/0.42.14/flexmark-ext-xwiki-macros-0.42.14.jar:/home/heimdall/.m2/repository/com/vladsch/flexmark/flexmark-ext-superscript/0.42.14/flexmark-ext-superscript-0.42.14.jar:/home/heimdall/.m2/repository/com/vladsch/flexmark/flexmark-ext-tables/0.42.14/flexmark-ext-tables-0.42.14.jar:/home/heimdall/.m2/repository/com/vladsch/flexmark/flexmark-ext-toc/0.42.14/flexmark-ext-toc-0.42.14.jar:/home/heimdall/.m2/repository/com/vladsch/flexmark/flexmark-ext-typographic/0.42.14/flexmark-ext-typographic-0.42.14.jar:/home/heimdall/.m2/repository/com/vladsch/flexmark/flexmark-ext-wikilink/0.42.14/flexmark-ext-wikilink-0.42.14.jar:/home/heimdall/.m2/repository/com/vladsch/flexmark/flexmark-ext-yaml-front-matter/0.42.14/flexmark-ext-yaml-front-matter-0.42.14.jar:/home/heimdall/.m2/repository/com/vladsch/flexmark/flexmark-ext-youtube-embedded/0.42.14/flexmark-ext-youtube-embedded-0.42.14.jar:/home/heimdall/.m2/repository/com/vladsch/flexmark/flexmark-formatter/0.42.14/flexmark-formatter-0.42.14.jar:/home/heimdall/.m2/repository/com/vladsch/flexmark/flexmark-html-parser/0.42.14/flexmark-html-parser-0.42.14.jar:/home/heimdall/.m2/repository/org/jsoup/jsoup/1.10.2/jsoup-1.10.2.jar:/home/heimdall/.m2/repository/com/vladsch/flexmark/flexmark-jira-converter/0.42.14/flexmark-jira-converter-0.42.14.jar:/home/heimdall/.m2/repository/com/vladsch/flexmark/flexmark-profile-pegdown/0.42.14/flexmark-profile-pegdown-0.42.14.jar:/home/heimdall/.m2/repository/com/vladsch/flexmark/flexmark-util/0.42.14/flexmark-util-0.42.14.jar:/home/heimdall/.m2/repository/com/vladsch/flexmark/flexmark-youtrack-converter/0.42.14/flexmark-youtrack-converter-0.42.14.jar:/home/heimdall/.m2/repository/org/apache/maven/doxia/doxia-module-confluence/1.9.1/doxia-module-confluence-1.9.1.jar:/home/heimdall/.m2/repository/org/apache/maven/doxia/doxia-module-docbook-simple/1.9.1/doxia-module-docbook-simple-1.9.1.jar:/home/heimdall/.m2/repository/org/apache/maven/doxia/doxia-module-twiki/1.9.1/doxia-module-twiki-1.9.1.jar:/home/heimdall/.m2/repository/org/apache/maven/doxia/doxia-decoration-model/1.9.2/doxia-decoration-model-1.9.2.jar:/home/heimdall/.m2/repository/org/apache/maven/doxia/doxia-site-renderer/1.9.2/doxia-site-renderer-1.9.2.jar:/home/heimdall/.m2/repository/org/apache/maven/doxia/doxia-skin-model/1.9.2/doxia-skin-model-1.9.2.jar:/home/heimdall/.m2/repository/org/codehaus/plexus/plexus-velocity/1.2/plexus-velocity-1.2.jar:/home/heimdall/.m2/repository/org/apache/velocity/velocity/1.7/velocity-1.7.jar:/home/heimdall/.m2/repository/commons-lang/commons-lang/2.4/commons-lang-2.4.jar:/home/heimdall/.m2/repository/org/apache/velocity/velocity-tools/2.0/velocity-tools-2.0.jar:/home/heimdall/.m2/repository/commons-beanutils/commons-beanutils/1.7.0/commons-beanutils-1.7.0.jar:/home/heimdall/.m2/repository/commons-digester/commons-digester/1.8/commons-digester-1.8.jar:/home/heimdall/.m2/repository/commons-chain/commons-chain/1.1/commons-chain-1.1.jar:/home/heimdall/.m2/repository/dom4j/dom4j/1.1/dom4j-1.1.jar:/home/heimdall/.m2/repository/oro/oro/2.0.8/oro-2.0.8.jar:/home/heimdall/.m2/repository/commons-collections/commons-collections/3.2.2/commons-collections-3.2.2.jar:/home/heimdall/.m2/repository/org/apache/maven/doxia/doxia-integration-tools/1.9.2/doxia-integration-tools-1.9.2.jar:/home/heimdall/.m2/repository/org/apache/maven/wagon/wagon-provider-api/3.3.1/wagon-provider-api-3.3.1.jar:/home/heimdall/.m2/repository/org/eclipse/jetty/jetty-server/9.2.29.v20191105/jetty-server-9.2.29.v20191105.jar:/home/heimdall/.m2/repository/javax/servlet/javax.servlet-api/3.1.0/javax.servlet-api-3.1.0.jar:/home/heimdall/.m2/repository/org/eclipse/jetty/jetty-http/9.2.29.v20191105/jetty-http-9.2.29.v20191105.jar:/home/heimdall/.m2/repository/org/eclipse/jetty/jetty-io/9.2.29.v20191105/jetty-io-9.2.29.v20191105.jar:/home/heimdall/.m2/repository/org/eclipse/jetty/jetty-servlet/9.2.29.v20191105/jetty-servlet-9.2.29.v20191105.jar:/home/heimdall/.m2/repository/org/eclipse/jetty/jetty-security/9.2.29.v20191105/jetty-security-9.2.29.v20191105.jar:/home/heimdall/.m2/repository/org/eclipse/jetty/jetty-webapp/9.2.29.v20191105/jetty-webapp-9.2.29.v20191105.jar:/home/heimdall/.m2/repository/org/eclipse/jetty/jetty-xml/9.2.29.v20191105/jetty-xml-9.2.29.v20191105.jar:/home/heimdall/.m2/repository/org/eclipse/jetty/jetty-util/9.2.29.v20191105/jetty-util-9.2.29.v20191105.jar:/home/heimdall/.m2/repository/org/apache/commons/commons-lang3/3.8.1/commons-lang3-3.8.1.jar:/home/heimdall/.m2/repository/commons-io/commons-io/2.6/commons-io-2.6.jar:/home/heimdall/.m2/repository/org/junit/jupiter/junit-jupiter-api/5.3.2/junit-jupiter-api-5.3.2.jar:/home/heimdall/.m2/repository/org/apiguardian/apiguardian-api/1.0.0/apiguardian-api-1.0.0.jar:/home/heimdall/.m2/repository/org/opentest4j/opentest4j/1.1.1/opentest4j-1.1.1.jar:/home/heimdall/.m2/repository/org/junit/platform/junit-platform-commons/1.3.2/junit-platform-commons-1.3.2.jar:/home/heimdall/.m2/repository/org/junit/jupiter/junit-jupiter-engine/5.3.2/junit-jupiter-engine-5.3.2.jar:/home/heimdall/.m2/repository/org/junit/platform/junit-platform-engine/1.3.2/junit-platform-engine-1.3.2.jar:/home/heimdall/.m2/repository/org/mockito/mockito-junit-jupiter/2.23.4/mockito-junit-jupiter-2.23.4.jar:/home/heimdall/.m2/repository/org/mockito/mockito-core/2.23.4/mockito-core-2.23.4.jar:/home/heimdall/.m2/repository/net/bytebuddy/byte-buddy/1.9.3/byte-buddy-1.9.3.jar:/home/heimdall/.m2/repository/net/bytebuddy/byte-buddy-agent/1.9.3/byte-buddy-agent-1.9.3.jar:/home/heimdall/.m2/repository/org/objenesis/objenesis/2.6/objenesis-2.6.jar:/home/heimdall/.m2/repository/org/jacoco/jacoco-maven-plugin/0.8.5/jacoco-maven-plugin-0.8.5.jar:/home/heimdall/.m2/repository/org/apache/maven/shared/file-management/1.2.1/file-management-1.2.1.jar:/home/heimdall/.m2/repository/org/apache/maven/reporting/maven-reporting-impl/2.1/maven-reporting-impl-2.1.jar:/home/heimdall/.m2/repository/org/apache/maven/maven-project/2.0.10/maven-project-2.0.10.jar:/home/heimdall/.m2/repository/org/apache/maven/maven-profile/2.0.10/maven-profile-2.0.10.jar:/home/heimdall/.m2/repository/org/apache/maven/maven-artifact-manager/2.0.10/maven-artifact-manager-2.0.10.jar:/home/heimdall/.m2/repository/org/apache/maven/maven-plugin-registry/2.0.10/maven-plugin-registry-2.0.10.jar:/home/heimdall/.m2/repository/commons-validator/commons-validator/1.2.0/commons-validator-1.2.0.jar:/home/heimdall/.m2/repository/xml-apis/xml-apis/1.0.b2/xml-apis-1.0.b2.jar:/home/heimdall/.m2/repository/org/jacoco/org.jacoco.agent/0.8.5/org.jacoco.agent-0.8.5-runtime.jar:/home/heimdall/.m2/repository/org/jacoco/org.jacoco.core/0.8.5/org.jacoco.core-0.8.5.jar:/home/heimdall/.m2/repository/org/jacoco/org.jacoco.report/0.8.5/org.jacoco.report-0.8.5.jar:/home/heimdall/.m2/repository/org/apache/maven/plugins/maven-assembly-plugin/3.0.0/maven-assembly-plugin-3.0.0.jar:/home/heimdall/.m2/repository/org/apache/maven/shared/maven-common-artifact-filters/3.0.1/maven-common-artifact-filters-3.0.1.jar:/home/heimdall/.m2/repository/org/apache/maven/shared/maven-artifact-transfer/0.9.0/maven-artifact-transfer-0.9.0.jar:/home/heimdall/.m2/repository/org/codehaus/plexus/plexus-interpolation/1.24/plexus-interpolation-1.24.jar:/home/heimdall/.m2/repository/org/apache/maven/shared/maven-shared-io/3.0.0/maven-shared-io-3.0.0.jar:/home/heimdall/.m2/repository/org/apache/maven/maven-compat/3.0/maven-compat-3.0.jar:/home/heimdall/.m2/repository/org/apache/maven/shared/maven-filtering/3.1.1/maven-filtering-3.1.1.jar:/home/heimdall/.m2/repository/org/sonatype/plexus/plexus-build-api/0.0.7/plexus-build-api-0.0.7.jar:/home/heimdall/.m2/repository/org/codehaus/plexus/plexus-io/2.7.1/plexus-io-2.7.1.jar:/home/heimdall/.m2/repository/commons-codec/commons-codec/1.6/commons-codec-1.6.jar:/home/heimdall/.m2/repository/org/assertj/assertj-core/3.17.2/assertj-core-3.17.2.jar:/home/heimdall/.m2/repository/org/ow2/asm/asm/8.0.1/asm-8.0.1.jar:/home/heimdall/.m2/repository/org/ow2/asm/asm-analysis/8.0.1/asm-analysis-8.0.1.jar:/home/heimdall/.m2/repository/org/ow2/asm/asm-commons/8.0.1/asm-commons-8.0.1.jar:/home/heimdall/.m2/repository/org/ow2/asm/asm-tree/8.0.1/asm-tree-8.0.1.jar:/home/heimdall/.m2/repository/org/ow2/asm/asm-util/8.0.1/asm-util-8.0.1.jar:/home/heimdall/.m2/repository/org/apache/bcel/bcel/6.5.0/bcel-6.5.0.jar:/home/heimdall/.m2/repository/net/jcip/jcip-annotations/1.0/jcip-annotations-1.0.jar:/home/heimdall/.m2/repository/org/dom4j/dom4j/2.1.3/dom4j-2.1.3.jar:/home/heimdall/.m2/repository/org/apache/commons/commons-text/1.9/commons-text-1.9.jar:/home/heimdall/.m2/repository/org/slf4j/slf4j-api/1.8.0-beta4/slf4j-api-1.8.0-beta4.jar:/home/heimdall/.m2/repository/com/github/spotbugs/spotbugs-annotations/4.1.3/spotbugs-annotations-4.1.3.jar:/home/heimdall/.m2/repository/com/google/code/findbugs/jsr305/3.0.2/jsr305-3.0.2.jar:/home/heimdall/.m2/repository/org/json/json/20200518/json-20200518.jar:/home/heimdall/.m2/repository/jaxen/jaxen/1.1.6/jaxen-1.1.6.jar:/home/heimdall/.m2/repository/net/sf/saxon/Saxon-HE/10.1/Saxon-HE-10.1.jar:"/>
    <property name="sun.cpu.endian" value="little"/>
    <property name="user.home" value="/home/heimdall"/>
    <property name="user.language" value="fr"/>
    <property name="java.specification.vendor" value="Oracle Corporation"/>
    <property name="java.version.date" value="2020-07-14"/>
    <property name="java.home" value="/usr/lib/jvm/java-11-openjdk-amd64"/>
    <property name="file.separator" value="/"/>
    <property name="basedir" value="/media/heimdall/Stockage/0_DA_Java_OC/P4/work"/>
    <property name="java.vm.compressedOopsMode" value="Zero based"/>
    <property name="line.separator" value="&#10;"/>
    <property name="java.specification.name" value="Java Platform API Specification"/>
    <property name="java.vm.specification.vendor" value="Oracle Corporation"/>
    <property name="java.awt.graphicsenv" value="sun.awt.X11GraphicsEnvironment"/>
    <property name="surefire.real.class.path" value="/media/heimdall/Stockage/0_DA_Java_OC/P4/work/target/surefire/surefirebooter11750066590874294901.jar"/>
    <property name="sun.management.compiler" value="HotSpot 64-Bit Tiered Compilers"/>
    <property name="java.runtime.version" value="11.0.8+10-post-Ubuntu-0ubuntu120.04"/>
    <property name="user.name" value="heimdall"/>
    <property name="path.separator" value=":"/>
    <property name="os.version" value="5.4.0-51-generic"/>
    <property name="java.runtime.name" value="OpenJDK Runtime Environment"/>
    <property name="file.encoding" value="UTF-8"/>
    <property name="java.vm.name" value="OpenJDK 64-Bit Server VM"/>
    <property name="localRepository" value="/home/heimdall/.m2/repository"/>
    <property name="java.vendor.url.bug" value="https://bugs.launchpad.net/ubuntu/+source/openjdk-lts"/>
    <property name="java.io.tmpdir" value="/tmp"/>
    <property name="java.version" value="11.0.8"/>
    <property name="user.dir" value="/media/heimdall/Stockage/0_DA_Java_OC/P4/work"/>
    <property name="os.arch" value="amd64"/>
    <property name="java.vm.specification.name" value="Java Virtual Machine Specification"/>
    <property name="java.awt.printerjob" value="sun.print.PSPrinterJob"/>
    <property name="sun.os.patch.level" value="unknown"/>
    <property name="java.library.path" value="/usr/java/packages/lib:/usr/lib/x86_64-linux-gnu/jni:/lib/x86_64-linux-gnu:/usr/lib/x86_64-linux-gnu:/usr/lib/jni:/lib:/usr/lib"/>
    <property name="java.vm.info" value="mixed mode, sharing"/>
    <property name="java.vendor" value="Ubuntu"/>
    <property name="java.vm.version" value="11.0.8+10-post-Ubuntu-0ubuntu120.04"/>
    <property name="sun.io.unicode.encoding" value="UnicodeLittle"/>
    <property name="java.class.version" value="55.0"/>
  </properties>
  <testcase name="calculate_Fare_Car_With_More_Than_A_Hour_Parking_Time" classname="com.parkit.parkingsystem.FareCalculatorServiceTest" time="0.814"/>
  <testcase name="calculate_Fare_Bike_With_Half_Hour_Parking_Time" classname="com.parkit.parkingsystem.FareCalculatorServiceTest" time="0.001"/>
  <testcase name="calculate_Reducted_Fare_Car_With_More_Than_A_Hour_Parking_Time" classname="com.parkit.parkingsystem.FareCalculatorServiceTest" time="0.021"/>
  <testcase name="calculate_Fare_Car_With_less_Half_Hour_Parking_Time" classname="com.parkit.parkingsystem.FareCalculatorServiceTest" time="0.001"/>
  <testcase name="calculate_Fare_Car_With_Half_Hour_Parking_Time" classname="com.parkit.parkingsystem.FareCalculatorServiceTest" time="0.001"/>
  <testcase name="calculate_Fare_Bike_With_Future_In_Time" classname="com.parkit.parkingsystem.FareCalculatorServiceTest" time="0.001"/>
  <testcase name="calculate_Fare_Bike" classname="com.parkit.parkingsystem.FareCalculatorServiceTest" time="0.013"/>
  <testcase name="calculate_Fare_Unkown_Type" classname="com.parkit.parkingsystem.FareCalculatorServiceTest" time="0.012"/>
  <testcase name="calculate_Reducted_Fare_Car_With_Half_Hour_Parking_Time" classname="com.parkit.parkingsystem.FareCalculatorServiceTest" time="0"/>
  <testcase name="calculate_Fare_Car" classname="com.parkit.parkingsystem.FareCalculatorServiceTest" time="0.013"/>
  <testcase name="calculate_Fare_Car_With_More_Than_A_Day_Parking_Time" classname="com.parkit.parkingsystem.FareCalculatorServiceTest" time="0.012"/>
  <testcase name="calculate_Fare_Car_With_More_Half_Hour_Less_Hour_Parking_Time" classname="com.parkit.parkingsystem.FareCalculatorServiceTest" time="0.012"/>
</testsuite>